<?xml version="1.0" encoding="UTF-8"?>
<testng-results skipped="0" failed="1" total="1" passed="0">
  <reporter-output>
  </reporter-output>
  <suite name="Tricentis Test Automation Test Suite" duration-ms="25593" started-at="2020-07-02T05:09:24Z" finished-at="2020-07-02T05:09:49Z">
    <groups>
    </groups>
    <test name="Tricentis Test Cases" duration-ms="25593" started-at="2020-07-02T05:09:24Z" finished-at="2020-07-02T05:09:49Z">
      <class name="com.qa.testcases.ShoppingCartPageTest">
        <test-method status="PASS" signature="setUp()[pri:0, instance:com.qa.testcases.ShoppingCartPageTest@5056dfcb]" name="setUp" is-config="true" duration-ms="24391" started-at="2020-07-02T10:39:24Z" finished-at="2020-07-02T10:39:48Z">
          <reporter-output>
          </reporter-output>
        </test-method> <!-- setUp -->
        <test-method status="FAIL" signature="VerifyTitleAndPrice()[pri:0, instance:com.qa.testcases.ShoppingCartPageTest@5056dfcb]" name="VerifyTitleAndPrice" duration-ms="65" started-at="2020-07-02T10:39:48Z" finished-at="2020-07-02T10:39:48Z">
          <exception class="java.lang.AssertionError">
            <message>
              <![CDATA[expected [Build your own cheap computer] but found [Build your own expensive computer]]]>
            </message>
            <full-stacktrace>
              <![CDATA[java.lang.AssertionError: expected [Build your own cheap computer] but found [Build your own expensive computer]
	at org.testng.Assert.fail(Assert.java:94)
	at org.testng.Assert.failNotEquals(Assert.java:513)
	at org.testng.Assert.assertEqualsImpl(Assert.java:135)
	at org.testng.Assert.assertEquals(Assert.java:116)
	at org.testng.Assert.assertEquals(Assert.java:190)
	at org.testng.Assert.assertEquals(Assert.java:200)
	at com.qa.testcases.ShoppingCartPageTest.VerifyTitleAndPrice(ShoppingCartPageTest.java:49)
	at sun.reflect.NativeMethodAccessorImpl.invoke0(Native Method)
	at sun.reflect.NativeMethodAccessorImpl.invoke(Unknown Source)
	at sun.reflect.DelegatingMethodAccessorImpl.invoke(Unknown Source)
	at java.lang.reflect.Method.invoke(Unknown Source)
	at org.testng.internal.MethodInvocationHelper.invokeMethod(MethodInvocationHelper.java:86)
	at org.testng.internal.Invoker.invokeMethod(Invoker.java:645)
	at org.testng.internal.Invoker.invokeTestMethod(Invoker.java:822)
	at org.testng.internal.Invoker.invokeTestMethods(Invoker.java:1130)
	at org.testng.internal.TestMethodWorker.invokeTestMethods(TestMethodWorker.java:129)
	at org.testng.internal.TestMethodWorker.run(TestMethodWorker.java:112)
	at org.testng.TestRunner.privateRun(TestRunner.java:782)
	at org.testng.TestRunner.run(TestRunner.java:632)
	at org.testng.SuiteRunner.runTest(SuiteRunner.java:366)
	at org.testng.SuiteRunner.runSequentially(SuiteRunner.java:361)
	at org.testng.SuiteRunner.privateRun(SuiteRunner.java:319)
	at org.testng.SuiteRunner.run(SuiteRunner.java:268)
	at org.testng.SuiteRunnerWorker.runSuite(SuiteRunnerWorker.java:52)
	at org.testng.SuiteRunnerWorker.run(SuiteRunnerWorker.java:86)
	at org.testng.TestNG.runSuitesSequentially(TestNG.java:1244)
	at org.testng.TestNG.runSuitesLocally(TestNG.java:1169)
	at org.testng.TestNG.run(TestNG.java:1064)
	at org.testng.remote.RemoteTestNG.run(RemoteTestNG.java:113)
	at org.testng.remote.RemoteTestNG.initAndRun(RemoteTestNG.java:206)
	at org.testng.remote.RemoteTestNG.main(RemoteTestNG.java:177)
]]>
            </full-stacktrace>
          </exception> <!-- java.lang.AssertionError -->
          <reporter-output>
          </reporter-output>
        </test-method> <!-- VerifyTitleAndPrice -->
        <test-method status="PASS" signature="tearDown()[pri:0, instance:com.qa.testcases.ShoppingCartPageTest@5056dfcb]" name="tearDown" is-config="true" duration-ms="1120" started-at="2020-07-02T10:39:48Z" finished-at="2020-07-02T10:39:49Z">
          <reporter-output>
          </reporter-output>
        </test-method> <!-- tearDown -->
      </class> <!-- com.qa.testcases.ShoppingCartPageTest -->
    </test> <!-- Tricentis Test Cases -->
  </suite> <!-- Tricentis Test Automation Test Suite -->
</testng-results>
