<?xml version="1.0" encoding="UTF-8"?>
<!-- Generated by org.testng.reporters.JUnitReportReporter -->
<testsuite hostname="Akash-PC" name="com.qa.testcases.LandingPageTest" tests="1" failures="0" timestamp="29 Jun 2020 07:49:47 GMT" time="0.001" errors="1">
  <testcase name="loginTest" time="0.001" classname="com.qa.testcases.LandingPageTest">
    <error type="org.openqa.selenium.SessionNotCreatedException" message="session not created
from disconnected: Unable to receive message from renderer
  (Session info: chrome=83.0.4103.116)
Build info: version: &#039;3.14.0&#039;, revision: &#039;aacccce0&#039;, time: &#039;2018-08-02T20:19:58.91Z&#039;
System info: host: &#039;AKASH-PC&#039;, ip: &#039;192.168.0.105&#039;, os.name: &#039;Windows 7&#039;, os.arch: &#039;amd64&#039;, os.version: &#039;6.1&#039;, java.version: &#039;1.8.0_141&#039;
Driver info: driver.version: ChromeDriver
remote stacktrace: Backtrace:
	Ordinal0 [0x01499563+2725219]
	Ordinal0 [0x01398551+1672529]
	Ordinal0 [0x01280359+525145]
	Ordinal0 [0x01277AC7+490183]
	Ordinal0 [0x01276EFE+487166]
	Ordinal0 [0x01277135+487733]
	Ordinal0 [0x01276B75+486261]
	Ordinal0 [0x0127F055+520277]
	Ordinal0 [0x01276B32+486194]
	Ordinal0 [0x01277739+489273]
	Ordinal0 [0x01276EFE+487166]
	Ordinal0 [0x01277135+487733]
	Ordinal0 [0x01276B75+486261]
	Ordinal0 [0x0127D83E+514110]
	Ordinal0 [0x01276B32+486194]
	Ordinal0 [0x01277739+489273]
	Ordinal0 [0x01276EFE+487166]
	Ordinal0 [0x01277135+487733]
	Ordinal0 [0x01276B75+486261]
	Ordinal0 [0x0127BBF6+506870]
	Ordinal0 [0x01276B32+486194]
	Ordinal0 [0x01277739+489273]
	Ordinal0 [0x01276EFE+487166]
	Ordinal0 [0x01277135+487733]
	Ordinal0 [0x01276B75+486261]
	Ordinal0 [0x0127B1B7+504247]
	Ordinal0 [0x01276B32+486194]
	Ordinal0 [0x01277739+489273]
	Ordinal0 [0x01276EFE+487166]
	Ordinal0 [0x01277135+487733]
	Ordinal0 [0x01276B75+486261]
	Ordinal0 [0x0127337C+471932]
	Ordinal0 [0x01276B32+486194]
	Ordinal0 [0x01276A87+486023]
	Ordinal0 [0x01280FF0+528368]
	Ordinal0 [0x0122D6C9+186057]
	Ordinal0 [0x0122CA3D+182845]
	Ordinal0 [0x0122A94B+174411]
	Ordinal0 [0x01212528+75048]
	Ordinal0 [0x012135A0+79264]
	Ordinal0 [0x01213539+79161]
	Ordinal0 [0x013AD607+1758727]
	GetHandleVerifier [0x015B6546+1050150]
	GetHandleVerifier [0x015B6291+1049457]
	GetHandleVerifier [0x015C10D7+1094071]
	GetHandleVerifier [0x015B6B46+1051686]
	Ordinal0 [0x013A5B06+1727238]
	Ordinal0 [0x013AEB7B+1764219]
	Ordinal0 [0x013AECE3+1764579]
	Ordinal0 [0x013C4C05+1854469]
	BaseThreadInitThunk [0x775333AA+18]
	RtlInitializeExceptionChain [0x77C59F72+99]
	RtlInitializeExceptionChain [0x77C59F45+54]
">
      <![CDATA[org.openqa.selenium.SessionNotCreatedException: session not created
from disconnected: Unable to receive message from renderer
  (Session info: chrome=83.0.4103.116)
Build info: version: '3.14.0', revision: 'aacccce0', time: '2018-08-02T20:19:58.91Z'
System info: host: 'AKASH-PC', ip: '192.168.0.105', os.name: 'Windows 7', os.arch: 'amd64', os.version: '6.1', java.version: '1.8.0_141'
Driver info: driver.version: ChromeDriver
remote stacktrace: Backtrace:
	Ordinal0 [0x01499563+2725219]
	Ordinal0 [0x01398551+1672529]
	Ordinal0 [0x01280359+525145]
	Ordinal0 [0x01277AC7+490183]
	Ordinal0 [0x01276EFE+487166]
	Ordinal0 [0x01277135+487733]
	Ordinal0 [0x01276B75+486261]
	Ordinal0 [0x0127F055+520277]
	Ordinal0 [0x01276B32+486194]
	Ordinal0 [0x01277739+489273]
	Ordinal0 [0x01276EFE+487166]
	Ordinal0 [0x01277135+487733]
	Ordinal0 [0x01276B75+486261]
	Ordinal0 [0x0127D83E+514110]
	Ordinal0 [0x01276B32+486194]
	Ordinal0 [0x01277739+489273]
	Ordinal0 [0x01276EFE+487166]
	Ordinal0 [0x01277135+487733]
	Ordinal0 [0x01276B75+486261]
	Ordinal0 [0x0127BBF6+506870]
	Ordinal0 [0x01276B32+486194]
	Ordinal0 [0x01277739+489273]
	Ordinal0 [0x01276EFE+487166]
	Ordinal0 [0x01277135+487733]
	Ordinal0 [0x01276B75+486261]
	Ordinal0 [0x0127B1B7+504247]
	Ordinal0 [0x01276B32+486194]
	Ordinal0 [0x01277739+489273]
	Ordinal0 [0x01276EFE+487166]
	Ordinal0 [0x01277135+487733]
	Ordinal0 [0x01276B75+486261]
	Ordinal0 [0x0127337C+471932]
	Ordinal0 [0x01276B32+486194]
	Ordinal0 [0x01276A87+486023]
	Ordinal0 [0x01280FF0+528368]
	Ordinal0 [0x0122D6C9+186057]
	Ordinal0 [0x0122CA3D+182845]
	Ordinal0 [0x0122A94B+174411]
	Ordinal0 [0x01212528+75048]
	Ordinal0 [0x012135A0+79264]
	Ordinal0 [0x01213539+79161]
	Ordinal0 [0x013AD607+1758727]
	GetHandleVerifier [0x015B6546+1050150]
	GetHandleVerifier [0x015B6291+1049457]
	GetHandleVerifier [0x015C10D7+1094071]
	GetHandleVerifier [0x015B6B46+1051686]
	Ordinal0 [0x013A5B06+1727238]
	Ordinal0 [0x013AEB7B+1764219]
	Ordinal0 [0x013AECE3+1764579]
	Ordinal0 [0x013C4C05+1854469]
	BaseThreadInitThunk [0x775333AA+18]
	RtlInitializeExceptionChain [0x77C59F72+99]
	RtlInitializeExceptionChain [0x77C59F45+54]

	at sun.reflect.NativeConstructorAccessorImpl.newInstance0(Native Method)
	at sun.reflect.NativeConstructorAccessorImpl.newInstance(Unknown Source)
	at sun.reflect.DelegatingConstructorAccessorImpl.newInstance(Unknown Source)
	at java.lang.reflect.Constructor.newInstance(Unknown Source)
	at org.openqa.selenium.remote.W3CHandshakeResponse.lambda$new$0(W3CHandshakeResponse.java:57)
	at org.openqa.selenium.remote.W3CHandshakeResponse.lambda$getResponseFunction$2(W3CHandshakeResponse.java:104)
	at org.openqa.selenium.remote.ProtocolHandshake.lambda$createSession$0(ProtocolHandshake.java:122)
	at java.util.stream.ReferencePipeline$3$1.accept(Unknown Source)
	at java.util.Spliterators$ArraySpliterator.tryAdvance(Unknown Source)
	at java.util.stream.ReferencePipeline.forEachWithCancel(Unknown Source)
	at java.util.stream.AbstractPipeline.copyIntoWithCancel(Unknown Source)
	at java.util.stream.AbstractPipeline.copyInto(Unknown Source)
	at java.util.stream.AbstractPipeline.wrapAndCopyInto(Unknown Source)
	at java.util.stream.FindOps$FindOp.evaluateSequential(Unknown Source)
	at java.util.stream.AbstractPipeline.evaluate(Unknown Source)
	at java.util.stream.ReferencePipeline.findFirst(Unknown Source)
	at org.openqa.selenium.remote.ProtocolHandshake.createSession(ProtocolHandshake.java:125)
	at org.openqa.selenium.remote.ProtocolHandshake.createSession(ProtocolHandshake.java:73)
	at org.openqa.selenium.remote.HttpCommandExecutor.execute(HttpCommandExecutor.java:136)
	at org.openqa.selenium.remote.service.DriverCommandExecutor.execute(DriverCommandExecutor.java:83)
	at org.openqa.selenium.remote.RemoteWebDriver.execute(RemoteWebDriver.java:548)
	at org.openqa.selenium.remote.RemoteWebDriver.startSession(RemoteWebDriver.java:212)
	at org.openqa.selenium.remote.RemoteWebDriver.<init>(RemoteWebDriver.java:130)
	at org.openqa.selenium.chrome.ChromeDriver.<init>(ChromeDriver.java:181)
	at org.openqa.selenium.chrome.ChromeDriver.<init>(ChromeDriver.java:168)
	at org.openqa.selenium.chrome.ChromeDriver.<init>(ChromeDriver.java:123)
	at com.qa.base.TestBase.initialization(TestBase.java:46)
	at com.qa.testcases.LandingPageTest.setUp(LandingPageTest.java:23)
	at sun.reflect.NativeMethodAccessorImpl.invoke0(Native Method)
	at sun.reflect.NativeMethodAccessorImpl.invoke(Unknown Source)
	at sun.reflect.DelegatingMethodAccessorImpl.invoke(Unknown Source)
	at java.lang.reflect.Method.invoke(Unknown Source)
	at org.testng.internal.MethodInvocationHelper.invokeMethod(MethodInvocationHelper.java:86)
	at org.testng.internal.Invoker.invokeConfigurationMethod(Invoker.java:514)
	at org.testng.internal.Invoker.invokeConfigurations(Invoker.java:215)
	at org.testng.internal.Invoker.invokeMethod(Invoker.java:589)
	at org.testng.internal.Invoker.invokeTestMethod(Invoker.java:822)
	at org.testng.internal.Invoker.invokeTestMethods(Invoker.java:1130)
	at org.testng.internal.TestMethodWorker.invokeTestMethods(TestMethodWorker.java:129)
	at org.testng.internal.TestMethodWorker.run(TestMethodWorker.java:112)
	at org.testng.TestRunner.privateRun(TestRunner.java:782)
	at org.testng.TestRunner.run(TestRunner.java:632)
	at org.testng.SuiteRunner.runTest(SuiteRunner.java:366)
	at org.testng.SuiteRunner.runSequentially(SuiteRunner.java:361)
	at org.testng.SuiteRunner.privateRun(SuiteRunner.java:319)
	at org.testng.SuiteRunner.run(SuiteRunner.java:268)
	at org.testng.SuiteRunnerWorker.runSuite(SuiteRunnerWorker.java:52)
	at org.testng.SuiteRunnerWorker.run(SuiteRunnerWorker.java:86)
	at org.testng.TestNG.runSuitesSequentially(TestNG.java:1244)
	at org.testng.TestNG.runSuitesLocally(TestNG.java:1169)
	at org.testng.TestNG.run(TestNG.java:1064)
	at org.testng.remote.RemoteTestNG.run(RemoteTestNG.java:113)
	at org.testng.remote.RemoteTestNG.initAndRun(RemoteTestNG.java:206)
	at org.testng.remote.RemoteTestNG.main(RemoteTestNG.java:177)
]]>
    </error>
  </testcase> <!-- loginTest -->
</testsuite> <!-- com.qa.testcases.LandingPageTest -->
